Using pre-set license
Built from '2021.3/release' branch; Version is '2021.3.12f1 (8af3c3e441b1) revision 9106371'; Using compiler version '192829333'; Build Type 'Release'
OS: 'Windows 10  (10.0.19044) 64bit Professional' Language: 'ko' Physical Memory: 16313 MB
BatchMode: 1, IsHumanControllingUs: 0, StartBugReporterOnCrash: 0, Is64bit: 1, IsPro: 1

COMMAND LINE ARGUMENTS:
C:\Program Files\Unity\Hub\Editor\2021.3.12f1\Editor\Unity.exe
-adb2
-batchMode
-noUpm
-name
AssetImportWorker0
-projectPath
D:/Programing/Unity/Royal-Blade/Royal Blade
-logFile
Logs/AssetImportWorker0.log
-srvPort
50151
Successfully changed project path to: D:/Programing/Unity/Royal-Blade/Royal Blade
D:/Programing/Unity/Royal-Blade/Royal Blade
[UnityMemory] Configuration Parameters - Can be set up in boot.config
    "memorysetup-bucket-allocator-granularity=16"
    "memorysetup-bucket-allocator-bucket-count=8"
    "memorysetup-bucket-allocator-block-size=33554432"
    "memorysetup-bucket-allocator-block-count=8"
    "memorysetup-main-allocator-block-size=16777216"
    "memorysetup-thread-allocator-block-size=16777216"
    "memorysetup-gfx-main-allocator-block-size=16777216"
    "memorysetup-gfx-thread-allocator-block-size=16777216"
    "memorysetup-cache-allocator-block-size=4194304"
    "memorysetup-typetree-allocator-block-size=2097152"
    "memorysetup-profiler-bucket-allocator-granularity=16"
    "memorysetup-profiler-bucket-allocator-bucket-count=8"
    "memorysetup-profiler-bucket-allocator-block-size=33554432"
    "memorysetup-profiler-bucket-allocator-block-count=8"
    "memorysetup-profiler-allocator-block-size=16777216"
    "memorysetup-profiler-editor-allocator-block-size=1048576"
    "memorysetup-temp-allocator-size-main=16777216"
    "memorysetup-job-temp-allocator-block-size=2097152"
    "memorysetup-job-temp-allocator-block-size-background=1048576"
    "memorysetup-job-temp-allocator-reduction-small-platforms=262144"
    "memorysetup-temp-allocator-size-background-worker=32768"
    "memorysetup-temp-allocator-size-job-worker=262144"
    "memorysetup-temp-allocator-size-preload-manager=33554432"
    "memorysetup-temp-allocator-size-nav-mesh-worker=65536"
    "memorysetup-temp-allocator-size-audio-worker=65536"
    "memorysetup-temp-allocator-size-cloud-worker=32768"
    "memorysetup-temp-allocator-size-gi-baking-worker=262144"
    "memorysetup-temp-allocator-size-gfx=262144"
Refreshing native plugins compatible for Editor in 93.99 ms, found 3 plugins.
Preloading 0 native plugins for Editor in 0.00 ms.
Initialize engine version: 2021.3.12f1 (8af3c3e441b1)
[Subsystems] Discovering subsystems at path C:/Program Files/Unity/Hub/Editor/2021.3.12f1/Editor/Data/Resources/UnitySubsystems
[Subsystems] Discovering subsystems at path D:/Programing/Unity/Royal-Blade/Royal Blade/Assets
GfxDevice: creating device client; threaded=0; jobified=0
Direct3D:
    Version:  Direct3D 11.0 [level 11.1]
    Renderer: NVIDIA GeForce GTX 1660 SUPER (ID=0x21c4)
    Vendor:   NVIDIA
    VRAM:     5991 MB
    Driver:   31.0.15.1694
Initialize mono
Mono path[0] = 'C:/Program Files/Unity/Hub/Editor/2021.3.12f1/Editor/Data/Managed'
Mono path[1] = 'C:/Program Files/Unity/Hub/Editor/2021.3.12f1/Editor/Data/MonoBleedingEdge/lib/mono/unityjit-win32'
Mono config path = 'C:/Program Files/Unity/Hub/Editor/2021.3.12f1/Editor/Data/MonoBleedingEdge/etc'
Using monoOptions --debugger-agent=transport=dt_socket,embedding=1,server=y,suspend=n,address=127.0.0.1:56828
Begin MonoManager ReloadAssembly
Registering precompiled unity dll's ...
Register platform support module: C:/Program Files/Unity/Hub/Editor/2021.3.12f1/Editor/Data/PlaybackEngines/AndroidPlayer/UnityEditor.Android.Extensions.dll
Register platform support module: C:/Program Files/Unity/Hub/Editor/2021.3.12f1/Editor/Data/PlaybackEngines/WindowsStandaloneSupport/UnityEditor.WindowsStandalone.Extensions.dll
Registered in 0.021355 seconds.
Native extension for WindowsStandalone target not found
Native extension for Android target not found
Refreshing native plugins compatible for Editor in 84.87 ms, found 3 plugins.
Preloading 0 native plugins for Editor in 0.00 ms.
Mono: successfully reloaded assembly
- Completed reload, in  0.716 seconds
Domain Reload Profiling:
	ReloadAssembly (717ms)
		BeginReloadAssembly (106ms)
			ExecutionOrderSort (0ms)
			DisableScriptedObjects (0ms)
			BackupInstance (0ms)
			ReleaseScriptingObjects (0ms)
			CreateAndSetChildDomain (1ms)
		EndReloadAssembly (466ms)
			LoadAssemblies (102ms)
			RebuildTransferFunctionScriptingTraits (0ms)
			SetupTypeCache (106ms)
			ReleaseScriptCaches (0ms)
			RebuildScriptCaches (27ms)
			SetupLoadedEditorAssemblies (277ms)
				LogAssemblyErrors (0ms)
				InitializePlatformSupportModulesInManaged (58ms)
				SetLoadedEditorAssemblies (0ms)
				RefreshPlugins (85ms)
				BeforeProcessingInitializeOnLoad (1ms)
				ProcessInitializeOnLoadAttributes (86ms)
				ProcessInitializeOnLoadMethodAttributes (46ms)
				AfterProcessingInitializeOnLoad (0ms)
				EditorAssembliesLoaded (0ms)
			ExecutionOrderSort2 (0ms)
			AwakeInstancesAfterBackupRestoration (0ms)
Platform modules already initialized, skipping
Registering precompiled user dll's ...
Registered in 0.007390 seconds.
Begin MonoManager ReloadAssembly
Symbol file LoadedFromMemory doesn't match image D:\Programing\Unity\Royal-Blade\Royal Blade\Library\PackageCache\com.unity.visualscripting@1.7.8\Editor\VisualScripting.Core\Dependencies\YamlDotNet\Unity.VisualScripting.YamlDotNet.dll
Symbol file LoadedFromMemory doesn't match image D:\Programing\Unity\Royal-Blade\Royal Blade\Library\PackageCache\com.unity.visualscripting@1.7.8\Editor\VisualScripting.Core\Dependencies\DotNetZip\Unity.VisualScripting.IonicZip.dll
Native extension for WindowsStandalone target not found
Native extension for Android target not found
Refreshing native plugins compatible for Editor in 0.94 ms, found 3 plugins.
Preloading 0 native plugins for Editor in 0.00 ms.
Mono: successfully reloaded assembly
- Completed reload, in  4.038 seconds
Domain Reload Profiling:
	ReloadAssembly (4040ms)
		BeginReloadAssembly (3005ms)
			ExecutionOrderSort (0ms)
			DisableScriptedObjects (6ms)
			BackupInstance (0ms)
			ReleaseScriptingObjects (0ms)
			CreateAndSetChildDomain (2867ms)
		EndReloadAssembly (899ms)
			LoadAssemblies (142ms)
			RebuildTransferFunctionScriptingTraits (0ms)
			SetupTypeCache (270ms)
			ReleaseScriptCaches (1ms)
			RebuildScriptCaches (59ms)
			SetupLoadedEditorAssemblies (423ms)
				LogAssemblyErrors (0ms)
				InitializePlatformSupportModulesInManaged (19ms)
				SetLoadedEditorAssemblies (0ms)
				RefreshPlugins (1ms)
				BeforeProcessingInitializeOnLoad (106ms)
				ProcessInitializeOnLoadAttributes (242ms)
				ProcessInitializeOnLoadMethodAttributes (34ms)
				AfterProcessingInitializeOnLoad (20ms)
				EditorAssembliesLoaded (0ms)
			ExecutionOrderSort2 (0ms)
			AwakeInstancesAfterBackupRestoration (14ms)
Platform modules already initialized, skipping
========================================================================
Worker process is ready to serve import requests
Launched and connected shader compiler UnityShaderCompiler.exe after 0.06 seconds
Refreshing native plugins compatible for Editor in 1.87 ms, found 3 plugins.
Preloading 0 native plugins for Editor in 0.00 ms.
Unloading 3812 Unused Serialized files (Serialized files now loaded: 0)
Unloading 28 unused Assets / (158.4 KB). Loaded Objects now: 4275.
Memory consumption went from 215.0 MB to 214.9 MB.
Total: 5.729000 ms (FindLiveObjects: 0.792500 ms CreateObjectMapping: 0.102600 ms MarkObjects: 4.578900 ms  DeleteObjects: 0.253400 ms)

AssetImportParameters requested are different than current active one (requested -> active):
  custom:video-decoder-ogg-theora: a1e56fd34408186e4bbccfd4996cb3dc -> 
  custom:container-muxer-webm: aa71ff27fc2769a1b78a27578f13a17b -> 
  custom:container-demuxer-webm: 4f35f7cbe854078d1ac9338744f61a02 -> 
  custom:video-encoder-webm-vp8: eb34c28f22e8b96e1ab97ce403110664 -> 
  custom:audio-encoder-webm-vorbis: bf7c407c2cedff20999df2af8eb42d56 -> 
  custom:framework-win-MediaFoundation: 216162199b28c13a410421893ffa2e32 -> 
  custom:container-demuxer-ogg: 62fdf1f143b41e24485cea50d1cbac27 -> 
  custom:video-decoder-webm-vp8: 9c59270c3fd7afecdb556c50c9e8de78 -> 
  custom:audio-decoder-ogg-vorbis: bf7c407c2cedff20999df2af8eb42d56 -> 
========================================================================
Received Import Request.
  Time since last request: 1273.513685 seconds.
  path: Assets/Assets/Simple FX Kit/Prefabs/Water Splash Continous.prefab
  artifactKey: Guid(2e187e22a11f364409b0a3f4d03c36a8) Importer(815301076,1909f56bfc062723c751e8b465ee728b)
Start importing Assets/Assets/Simple FX Kit/Prefabs/Water Splash Continous.prefab using Guid(2e187e22a11f364409b0a3f4d03c36a8) Importer(815301076,1909f56bfc062723c751e8b465ee728b)  -> (artifact id: '3102e29b41c27ac84d85b1aa3ce4a14f') in 0.134338 seconds 
========================================================================
Received Import Request.
  Time since last request: 0.000033 seconds.
  path: Assets/Assets/Simple FX Kit/Prefabs/Smoke.prefab
  artifactKey: Guid(8a334e7c388e77347a1dddd727ef3446) Importer(815301076,1909f56bfc062723c751e8b465ee728b)
Start importing Assets/Assets/Simple FX Kit/Prefabs/Smoke.prefab using Guid(8a334e7c388e77347a1dddd727ef3446) Importer(815301076,1909f56bfc062723c751e8b465ee728b)  -> (artifact id: 'eb10a95c5f519e1c5688384446bd8dd1') in 0.015096 seconds 
========================================================================
Received Import Request.
  Time since last request: 0.000039 seconds.
  path: Assets/Assets/Simple FX Kit/Prefabs/Water Splash.prefab
  artifactKey: Guid(7377f38a94f13bd43924090d4a77f29e) Importer(815301076,1909f56bfc062723c751e8b465ee728b)
Start importing Assets/Assets/Simple FX Kit/Prefabs/Water Splash.prefab using Guid(7377f38a94f13bd43924090d4a77f29e) Importer(815301076,1909f56bfc062723c751e8b465ee728b)  -> (artifact id: 'b770da5a6cd82c96148369f11bc3ddbb') in 0.014931 seconds 
========================================================================
Received Import Request.
  Time since last request: 0.000036 seconds.
  path: Assets/Assets/Simple FX Kit/Prefabs/Spheres Explode.prefab
  artifactKey: Guid(61753401622c2a947a30e2147430e97d) Importer(815301076,1909f56bfc062723c751e8b465ee728b)
Start importing Assets/Assets/Simple FX Kit/Prefabs/Spheres Explode.prefab using Guid(61753401622c2a947a30e2147430e97d) Importer(815301076,1909f56bfc062723c751e8b465ee728b)  -> (artifact id: '9facc52be6ccdd1f46bebaa8702ffc0a') in 1.859151 seconds 
========================================================================
Received Import Request.
  Time since last request: 274.587183 seconds.
  path: Assets/Assets/Simple FX Kit/Materials/FX_IndianOceanAssets_Spheres.mat
  artifactKey: Guid(9532f6b838efee846ae44755b090b236) Importer(815301076,1909f56bfc062723c751e8b465ee728b)
Start importing Assets/Assets/Simple FX Kit/Materials/FX_IndianOceanAssets_Spheres.mat using Guid(9532f6b838efee846ae44755b090b236) Importer(815301076,1909f56bfc062723c751e8b465ee728b)  -> (artifact id: '74e455f54886fbc7ed2fd4f259f7cc1c') in 0.048077 seconds 
========================================================================
Received Import Request.
  Time since last request: 0.000023 seconds.
  path: Assets/Assets/Simple FX Kit/Materials/FX_IndianOceanAssets_Squares.mat
  artifactKey: Guid(19d4a14396d1dfd4fb1373003c15cd41) Importer(815301076,1909f56bfc062723c751e8b465ee728b)
Start importing Assets/Assets/Simple FX Kit/Materials/FX_IndianOceanAssets_Squares.mat using Guid(19d4a14396d1dfd4fb1373003c15cd41) Importer(815301076,1909f56bfc062723c751e8b465ee728b)  -> (artifact id: '2f46b2f327574c643ae8562bfd51d98b') in 0.012462 seconds 
========================================================================
Received Import Request.
  Time since last request: 0.000041 seconds.
  path: Assets/Assets/Simple FX Kit/Materials/FX_IndianOceanAssets_Triangles.mat
  artifactKey: Guid(6756af14257ff564eb9d3ae2d0fc6c6b) Importer(815301076,1909f56bfc062723c751e8b465ee728b)
Start importing Assets/Assets/Simple FX Kit/Materials/FX_IndianOceanAssets_Triangles.mat using Guid(6756af14257ff564eb9d3ae2d0fc6c6b) Importer(815301076,1909f56bfc062723c751e8b465ee728b)  -> (artifact id: '80029d007e711c2ddc3a1a6807294fd9') in 0.012707 seconds 
========================================================================
Received Import Request.
  Time since last request: 13.476240 seconds.
  path: Assets/Assets/Weapon/Art/Weapons/LowPoly/FreeRPGWeapons/Shield/Shields_Textures/Shield_Basic_BaseColor.png
  artifactKey: Guid(9e3569bf42b193d439a04b70be66ab58) Importer(815301076,1909f56bfc062723c751e8b465ee728b)
Start importing Assets/Assets/Weapon/Art/Weapons/LowPoly/FreeRPGWeapons/Shield/Shields_Textures/Shield_Basic_BaseColor.png using Guid(9e3569bf42b193d439a04b70be66ab58) Importer(815301076,1909f56bfc062723c751e8b465ee728b)  -> (artifact id: '1174ec8d93dc950ba59f7bab850f79a9') in 0.199935 seconds 
========================================================================
Received Import Request.
  Time since last request: 0.000020 seconds.
  path: Assets/Assets/Weapon/Art/Weapons/LowPoly/FreeRPGWeapons/Shield/Shields_Textures/Shield_Epic_MetallicSmoothness.png
  artifactKey: Guid(d0dd376ba73c0d1478e00e3b64a8ba8a) Importer(815301076,1909f56bfc062723c751e8b465ee728b)
Start importing Assets/Assets/Weapon/Art/Weapons/LowPoly/FreeRPGWeapons/Shield/Shields_Textures/Shield_Epic_MetallicSmoothness.png using Guid(d0dd376ba73c0d1478e00e3b64a8ba8a) Importer(815301076,1909f56bfc062723c751e8b465ee728b)  -> (artifact id: 'b641dff81691bf2e196736642727f7ee') in 0.298297 seconds 
========================================================================
Received Import Request.
  Time since last request: 0.000029 seconds.
  path: Assets/Assets/Weapon/Art/Weapons/LowPoly/FreeRPGWeapons/Shield/Shields_Textures/Shield_Medium.mat
  artifactKey: Guid(78842c4df7a94fa4aab346eb5b091bee) Importer(815301076,1909f56bfc062723c751e8b465ee728b)
Start importing Assets/Assets/Weapon/Art/Weapons/LowPoly/FreeRPGWeapons/Shield/Shields_Textures/Shield_Medium.mat using Guid(78842c4df7a94fa4aab346eb5b091bee) Importer(815301076,1909f56bfc062723c751e8b465ee728b)  -> (artifact id: '3c1285a3de357e9733434a369d2e199a') in 0.885683 seconds 
========================================================================
Received Import Request.
  Time since last request: 0.000019 seconds.
  path: Assets/Assets/Weapon/Art/Weapons/LowPoly/FreeRPGWeapons/Shield/Shields_Textures/Shield_Epic_Emission.png
  artifactKey: Guid(1c3643d389d22734cb6537a0a3fe58d1) Importer(815301076,1909f56bfc062723c751e8b465ee728b)
Start importing Assets/Assets/Weapon/Art/Weapons/LowPoly/FreeRPGWeapons/Shield/Shields_Textures/Shield_Epic_Emission.png using Guid(1c3643d389d22734cb6537a0a3fe58d1) Importer(815301076,1909f56bfc062723c751e8b465ee728b)  -> (artifact id: 'f0b524b24d99b036fb6ae4f48d6b48b7') in 0.039379 seconds 
========================================================================
Received Import Request.
  Time since last request: 0.000035 seconds.
  path: Assets/Assets/Weapon/Art/Weapons/LowPoly/FreeRPGWeapons/Shield/Shields_Textures/Shield_Medium_BaseColor.png
  artifactKey: Guid(ca7a6bf92864e96468d5f5953c2362b8) Importer(815301076,1909f56bfc062723c751e8b465ee728b)
Start importing Assets/Assets/Weapon/Art/Weapons/LowPoly/FreeRPGWeapons/Shield/Shields_Textures/Shield_Medium_BaseColor.png using Guid(ca7a6bf92864e96468d5f5953c2362b8) Importer(815301076,1909f56bfc062723c751e8b465ee728b)  -> (artifact id: '456d991c5ad922567601bb8a521d22d8') in 0.013296 seconds 
Editor requested this worker to shutdown with reason: Scaling down because of idle timeout
AssetImportWorker is now disconnected from the server
Process exiting
Exiting without the bug reporter. Application will terminate with return code 0